Copyright 1986-2019 Xilinx, Inc. All Rights Reserved.
-------------------------------------------------------------------------------------------------------------------------------------------------
| Tool Version     : Vivado v.2019.2 (win64) Build 2708876 Wed Nov  6 21:40:23 MST 2019
| Date             : Wed Apr 22 23:05:09 2020
| Host             : DESKTOP-RTHS3DT running 64-bit major release  (build 9200)
| Command          : report_power -file CKiller24_power_routed.rpt -pb CKiller24_power_summary_routed.pb -rpx CKiller24_power_routed.rpx
| Design           : CKiller24
| Device           : xc7a100tcsg324-1
| Design State     : routed
| Grade            : commercial
| Process          : typical
| Characterization : Production
-------------------------------------------------------------------------------------------------------------------------------------------------

Power Report

Table of Contents
-----------------
1. Summary
1.1 On-Chip Components
1.2 Power Supply Summary
1.3 Confidence Level
2. Settings
2.1 Environment
2.2 Clock Constraints
3. Detailed Reports
3.1 By Hierarchy

1. Summary
----------

+--------------------------+----------------------------------+
| Total On-Chip Power (W)  | 38.218 (Junction temp exceeded!) |
| Design Power Budget (W)  | Unspecified*                     |
| Power Budget Margin (W)  | NA                               |
| Dynamic (W)              | 37.393                           |
| Device Static (W)        | 0.826                            |
| Effective TJA (C/W)      | 4.6                              |
| Max Ambient (C)          | 0.0                              |
| Junction Temperature (C) | 125.0                            |
| Confidence Level         | Low                              |
| Setting File             | ---                              |
| Simulation Activity File | ---                              |
| Design Nets Matched      | NA                               |
+--------------------------+----------------------------------+
* Specify Design Power Budget using, set_operating_conditions -design_power_budget <value in Watts>


1.1 On-Chip Components
----------------------

+-------------------------+-----------+----------+-----------+-----------------+
| On-Chip                 | Power (W) | Used     | Available | Utilization (%) |
+-------------------------+-----------+----------+-----------+-----------------+
| Slice Logic             |     1.800 |     1219 |       --- |             --- |
|   LUT as Logic          |     1.613 |      406 |     63400 |            0.64 |
|   Register              |     0.074 |      534 |    126800 |            0.42 |
|   CARRY4                |     0.063 |       15 |     15850 |            0.09 |
|   F7/F8 Muxes           |     0.026 |       86 |     63400 |            0.14 |
|   BUFG                  |     0.024 |        4 |        32 |           12.50 |
|   Others                |     0.000 |      115 |       --- |             --- |
|   LUT as Shift Register |     0.000 |        1 |     19000 |           <0.01 |
| Signals                 |     2.714 |     1104 |       --- |             --- |
| Block RAM               |     2.008 |       47 |       135 |           34.81 |
| I/O                     |    30.871 |       25 |       210 |           11.90 |
| Static Power            |     0.826 |          |           |                 |
| Total                   |    38.218 |          |           |                 |
+-------------------------+-----------+----------+-----------+-----------------+


1.2 Power Supply Summary
------------------------

+-----------+-------------+-----------+-------------+------------+
| Source    | Voltage (V) | Total (A) | Dynamic (A) | Static (A) |
+-----------+-------------+-----------+-------------+------------+
| Vccint    |       1.000 |     6.943 |       6.366 |      0.577 |
| Vccaux    |       1.800 |     1.224 |       1.131 |      0.093 |
| Vcco33    |       3.300 |     8.737 |       8.733 |      0.004 |
| Vcco25    |       2.500 |     0.000 |       0.000 |      0.000 |
| Vcco18    |       1.800 |     0.000 |       0.000 |      0.000 |
| Vcco15    |       1.500 |     0.000 |       0.000 |      0.000 |
| Vcco135   |       1.350 |     0.000 |       0.000 |      0.000 |
| Vcco12    |       1.200 |     0.000 |       0.000 |      0.000 |
| Vccaux_io |       1.800 |     0.000 |       0.000 |      0.000 |
| Vccbram   |       1.000 |     0.204 |       0.171 |      0.033 |
| MGTAVcc   |       1.000 |     0.000 |       0.000 |      0.000 |
| MGTAVtt   |       1.200 |     0.000 |       0.000 |      0.000 |
| Vccadc    |       1.800 |     0.020 |       0.000 |      0.020 |
+-----------+-------------+-----------+-------------+------------+


1.3 Confidence Level
--------------------

+-----------------------------+------------+--------------------------------------------------------+--------------------------------------------------------------------------------------------------------------------+
| User Input Data             | Confidence | Details                                                | Action                                                                                                             |
+-----------------------------+------------+--------------------------------------------------------+--------------------------------------------------------------------------------------------------------------------+
| Design implementation state | High       | Design is routed                                       |                                                                                                                    |
| Clock nodes activity        | Low        | User specified less than 75% of clocks                 | Provide missing clock activity with a constraint file, simulation results or by editing the "By Clock Domain" view |
| I/O nodes activity          | Low        | More than 75% of inputs are missing user specification | Provide missing input activity with simulation results or by editing the "By Resource Type -> I/Os" view           |
| Internal nodes activity     | Medium     | User specified less than 25% of internal nodes         | Provide missing internal nodes activity with simulation results or by editing the "By Resource Type" views         |
| Device models               | High       | Device models are Production                           |                                                                                                                    |
|                             |            |                                                        |                                                                                                                    |
| Overall confidence level    | Low        |                                                        |                                                                                                                    |
+-----------------------------+------------+--------------------------------------------------------+--------------------------------------------------------------------------------------------------------------------+


2. Settings
-----------

2.1 Environment
---------------

+-----------------------+--------------------------+
| Ambient Temp (C)      | 25.0                     |
| ThetaJA (C/W)         | 4.6                      |
| Airflow (LFM)         | 250                      |
| Heat Sink             | medium (Medium Profile)  |
| ThetaSA (C/W)         | 4.6                      |
| Board Selection       | medium (10"x10")         |
| # of Board Layers     | 12to15 (12 to 15 Layers) |
| Board Temperature (C) | 25.0                     |
+-----------------------+--------------------------+


2.2 Clock Constraints
---------------------

+-------+--------+-----------------+
| Clock | Domain | Constraint (ns) |
+-------+--------+-----------------+


3. Detailed Reports
-------------------

3.1 By Hierarchy
----------------

+-----------+-----------+
| Name      | Power (W) |
+-----------+-----------+
| CKiller24 |    37.393 |
|   au      |     0.278 |
|   cu      |     2.974 |
|     pm    |     1.986 |
|       U0  |     1.986 |
|   dp      |     1.408 |
|     cdd   |     0.085 |
|     d0    |     0.101 |
|     d1    |     0.109 |
|     d2    |     0.097 |
|     d3    |     0.098 |
|     d4    |     0.087 |
|     d5    |     0.078 |
|     d6    |     0.037 |
|     d7    |     0.037 |
|   mu      |     1.117 |
|     dm    |     1.117 |
|       U0  |     1.117 |
|   rf      |     0.170 |
|     ad    |     0.051 |
|     r0    |     0.004 |
|     r1    |     0.003 |
|     r2    |     0.003 |
|     r3    |     0.004 |
|     r4    |     0.004 |
|     r5    |     0.004 |
|     r6    |     0.004 |
|     sp    |     0.003 |
+-----------+-----------+


